<?xml version="1.0" encoding="UTF-8"?>
<!-- Generated by org.testng.reporters.JUnitReportReporter -->
<testsuite hostname="PravSpan" failures="0" tests="3" name="com.testcases.TC_ValidateMainElements_005" time="3.588" errors="0" timestamp="2024-06-28T16:57:05 IST" skipped="0">
  <testcase classname="com.testcases.TC_ValidateMainElements_005" name="test3" time="0.060"/>
  <system-out/>
  <testcase classname="com.testcases.TC_ValidateMainElements_005" name="test2" time="0.456"/>
  <system-out/>
  <testcase classname="com.testcases.TC_ValidateMainElements_005" name="test1" time="3.072"/>
  <system-out/>
</testsuite> <!-- com.testcases.TC_ValidateMainElements_005 -->
