<?xml version="1.0" encoding="UTF-8"?>
<!-- Generated by org.testng.reporters.JUnitReportReporter -->
<testsuite hostname="PravSpan" failures="0" tests="3" name="com.testcases.TC_LogInPageTest_003" time="4.918" errors="0" timestamp="2024-06-28T16:50:03 IST" skipped="0">
  <testcase classname="com.testcases.TC_LogInPageTest_003" name="test1" time="2.895"/>
  <system-out/>
  <testcase classname="com.testcases.TC_LogInPageTest_003" name="test2" time="1.933"/>
  <system-out/>
  <testcase classname="com.testcases.TC_LogInPageTest_003" name="test3" time="0.090"/>
  <system-out/>
</testsuite> <!-- com.testcases.TC_LogInPageTest_003 -->
