<?xml version="1.0" encoding="UTF-8"?>
<!-- Generated by org.testng.reporters.JUnitReportReporter -->
<testsuite hostname="PravSpan" failures="0" tests="1" name="com.testcases.TC_linkTest_001" time="2.999" errors="0" timestamp="2024-06-27T16:46:10 IST" skipped="0">
  <testcase classname="com.testcases.TC_linkTest_001" name="linkTest" time="2.999"/>
  <system-out/>
</testsuite> <!-- com.testcases.TC_linkTest_001 -->
